This is pdfTeX, Version 3.1415926-1.40.8-alpha-20080323 (MiKTeX 2.7) (preloaded format=latex 2008.7.6)  12 FEB 2010 15:57
entering extended mode
**doc.tex
(doc.tex
LaTeX2e <2005/12/01>
Babel <v3.8j> and hyphenation patterns for english, dumylang, nohyphenation, ge
rman, ngerman, french, loaded.
("C:\Program Files\MiKTeX 2.7\tex\latex\base\article.cls"
Document Class: article 2005/09/16 v1.4f Standard LaTeX document class
("C:\Program Files\MiKTeX 2.7\tex\latex\base\size11.clo"
File: size11.clo 2005/09/16 v1.4f Standard LaTeX file (size option)
)
\c@part=\count79
\c@section=\count80
\c@subsection=\count81
\c@subsubsection=\count82
\c@paragraph=\count83
\c@subparagraph=\count84
\c@figure=\count85
\c@table=\count86
\abovecaptionskip=\skip41
\belowcaptionskip=\skip42
\bibindent=\dimen102
)
("C:\Program Files\MiKTeX 2.7\tex\latex\fancyhdr\fancyhdr.sty"
\fancy@headwidth=\skip43
\f@ncyO@elh=\skip44
\f@ncyO@erh=\skip45
\f@ncyO@olh=\skip46
\f@ncyO@orh=\skip47
\f@ncyO@elf=\skip48
\f@ncyO@erf=\skip49
\f@ncyO@olf=\skip50
\f@ncyO@orf=\skip51
)
("C:\Program Files\MiKTeX 2.7\tex\latex\tools\verbatim.sty"
Package: verbatim 2003/08/22 v1.5q LaTeX2e package for verbatim enhancements
\every@verbatim=\toks14
\verbatim@line=\toks15
\verbatim@in@stream=\read1
)
("C:\Program Files\MiKTeX 2.7\tex\latex\amsfonts\amsfonts.sty"
Package: amsfonts 2001/10/25 v2.2f
\@emptytoks=\toks16
\symAMSa=\mathgroup4
\symAMSb=\mathgroup5
LaTeX Font Info:    Overwriting math alphabet `\mathfrak' in version `bold'
(Font)                  U/euf/m/n --> U/euf/b/n on input line 132.
)
("C:\Program Files\MiKTeX 2.7\tex\latex\amsmath\amsmath.sty"
Package: amsmath 2000/07/18 v2.13 AMS math features
\@mathmargin=\skip52

For additional information on amsmath, use the `?' option.
("C:\Program Files\MiKTeX 2.7\tex\latex\amsmath\amstext.sty"
Package: amstext 2000/06/29 v2.01

("C:\Program Files\MiKTeX 2.7\tex\latex\amsmath\amsgen.sty"
File: amsgen.sty 1999/11/30 v2.0
\@emptytoks=\toks17
\ex@=\dimen103
))
("C:\Program Files\MiKTeX 2.7\tex\latex\amsmath\amsbsy.sty"
Package: amsbsy 1999/11/29 v1.2d
\pmbraise@=\dimen104
)
("C:\Program Files\MiKTeX 2.7\tex\latex\amsmath\amsopn.sty"
Package: amsopn 1999/12/14 v2.01 operator names
)
\inf@bad=\count87
LaTeX Info: Redefining \frac on input line 211.
\uproot@=\count88
\leftroot@=\count89
LaTeX Info: Redefining \overline on input line 307.
\classnum@=\count90
\DOTSCASE@=\count91
LaTeX Info: Redefining \ldots on input line 379.
LaTeX Info: Redefining \dots on input line 382.
LaTeX Info: Redefining \cdots on input line 467.
\Mathstrutbox@=\box26
\strutbox@=\box27
\big@size=\dimen105
LaTeX Font Info:    Redeclaring font encoding OML on input line 567.
LaTeX Font Info:    Redeclaring font encoding OMS on input line 568.
\macc@depth=\count92
\c@MaxMatrixCols=\count93
\dotsspace@=\muskip10
\c@parentequation=\count94
\dspbrk@lvl=\count95
\tag@help=\toks18
\row@=\count96
\column@=\count97
\maxfields@=\count98
\andhelp@=\toks19
\eqnshift@=\dimen106
\alignsep@=\dimen107
\tagshift@=\dimen108
\tagwidth@=\dimen109
\totwidth@=\dimen110
\lineht@=\dimen111
\@envbody=\toks20
\multlinegap=\skip53
\multlinetaggap=\skip54
\mathdisplay@stack=\toks21
LaTeX Info: Redefining \[ on input line 2666.
LaTeX Info: Redefining \] on input line 2667.
)
("C:\Program Files\MiKTeX 2.7\tex\latex\graphics\graphicx.sty"
Package: graphicx 1999/02/16 v1.0f Enhanced LaTeX Graphics (DPC,SPQR)

("C:\Program Files\MiKTeX 2.7\tex\latex\graphics\keyval.sty"
Package: keyval 1999/03/16 v1.13 key=value parser (DPC)
\KV@toks@=\toks22
)
("C:\Program Files\MiKTeX 2.7\tex\latex\graphics\graphics.sty"
Package: graphics 2006/02/20 v1.0o Standard LaTeX Graphics (DPC,SPQR)

("C:\Program Files\MiKTeX 2.7\tex\latex\graphics\trig.sty"
Package: trig 1999/03/16 v1.09 sin cos tan (DPC)
)
("C:\Program Files\MiKTeX 2.7\tex\latex\00miktex\graphics.cfg"
File: graphics.cfg 2007/01/18 v1.5 graphics configuration of teTeX/TeXLive
)
Package graphics Info: Driver file: dvips.def on input line 90.

("C:\Program Files\MiKTeX 2.7\tex\latex\graphics\dvips.def"
File: dvips.def 1999/02/16 v3.0i Driver-dependant file (DPC,SPQR)
))
\Gin@req@height=\dimen112
\Gin@req@width=\dimen113
)
("C:\Program Files\MiKTeX 2.7\tex\latex\graphics\color.sty"
Package: color 2005/11/14 v1.0j Standard LaTeX Color (DPC)

("C:\Program Files\MiKTeX 2.7\tex\latex\00miktex\color.cfg"
File: color.cfg 2007/01/18 v1.5 color configuration of teTeX/TeXLive
)
Package color Info: Driver file: dvips.def on input line 130.

("C:\Program Files\MiKTeX 2.7\tex\latex\graphics\dvipsnam.def"
File: dvipsnam.def 1999/02/16 v3.0i Driver-dependant file (DPC,SPQR)
))
("C:\Program Files\MiKTeX 2.7\tex\latex\graphics\epsfig.sty"
Package: epsfig 1999/02/16 v1.7a (e)psfig emulation (SPQR)
\epsfxsize=\dimen114
\epsfysize=\dimen115
)
("C:\Program Files\MiKTeX 2.7\tex\latex\base\inputenc.sty"
Package: inputenc 2006/05/05 v1.1b Input encoding file
\inpenc@prehook=\toks23
\inpenc@posthook=\toks24

("C:\Program Files\MiKTeX 2.7\tex\latex\base\latin1.def"
File: latin1.def 2006/05/05 v1.1b Input encoding file
)) (doc.aux)
LaTeX Font Info:    Checking defaults for OML/cmm/m/it on input line 80.
LaTeX Font Info:    ... okay on input line 80.
LaTeX Font Info:    Checking defaults for T1/cmr/m/n on input line 80.
LaTeX Font Info:    ... okay on input line 80.
LaTeX Font Info:    Checking defaults for OT1/cmr/m/n on input line 80.
LaTeX Font Info:    ... okay on input line 80.
LaTeX Font Info:    Checking defaults for OMS/cmsy/m/n on input line 80.
LaTeX Font Info:    ... okay on input line 80.
LaTeX Font Info:    Checking defaults for OMX/cmex/m/n on input line 80.
LaTeX Font Info:    ... okay on input line 80.
LaTeX Font Info:    Checking defaults for U/cmr/m/n on input line 80.
LaTeX Font Info:    ... okay on input line 80.
LaTeX Font Info:    Try loading font information for U+msa on input line 89.

("C:\Program Files\MiKTeX 2.7\tex\latex\amsfonts\umsa.fd"
File: umsa.fd 2002/01/19 v2.2g AMS font definitions
)
LaTeX Font Info:    Try loading font information for U+msb on input line 89.

("C:\Program Files\MiKTeX 2.7\tex\latex\amsfonts\umsb.fd"
File: umsb.fd 2002/01/19 v2.2g AMS font definitions
)

LaTeX Warning: Command \textdegree invalid in math mode on input line 89.


LaTeX Warning: Command \textdegree invalid in math mode on input line 89.


LaTeX Warning: Command \textdegree invalid in math mode on input line 94.

[1

] [2] [3]
File: ./figures/fmdxy.eps Graphic file (type eps)
 <./figures/fmdxy.eps>
File: ./figures/fmdt.eps Graphic file (type eps)
 <./figures/fmdt.eps> [4] [5] [6] [7] [8]
LaTeX Font Info:    Try loading font information for OMS+cmr on input line 675.


("C:\Program Files\MiKTeX 2.7\tex\latex\base\omscmr.fd"
File: omscmr.fd 1999/05/25 v2.5h Standard LaTeX font definitions
)
LaTeX Font Info:    Font shape `OMS/cmr/m/n' in size <10.95> not available
(Font)              Font shape `OMS/cmsy/m/n' tried instead on input line 675.
File: ./figures/inhibstep.eps Graphic file (type eps)

<./figures/inhibstep.eps>
File: ./figures/inhibgauss.eps Graphic file (type eps)
 <./figures/inhibgauss.eps> [9]
File: ./figures/contstep.eps Graphic file (type eps)

<./figures/contstep.eps>
File: ./figures/contgauss.eps Graphic file (type eps)
 <./figures/contgauss.eps> [10]
Overfull \hbox (16.14832pt too wide) in paragraph at lines 858--858
[][]\OT1/cmtt/m/n/10.95 > plot(d, hs(d0.2,0.1,0.1), xlab="", ylab="", type="l",
 ylim=c(0,1), lwd=2, las=1)[] 
 []

[11] [12]
File: ./figures/infection.step.ps Graphic file (type eps)
 <./figures/infection.step.ps>
Overfull \hbox (2.81258pt too wide) in paragraph at lines 953--953
[]\OT1/cmr/m/n/10.95 gaussian: $\OML/cmm/m/it/10.95 h\OT1/cmr/m/n/10.95 (\OML/c
mm/m/it/10.95 t\OT1/cmr/m/n/10.95 ) = \OML/cmm/m/it/10.95  [] []$\OT1/cmr/m/n/
10.95 . 
 []

File: ./figures/infection.gaussian.ps Graphic file (type eps)
<./figures/infection.gaussian.ps>
File: ./figures/cumulative.step.ps Graphic file (type eps)
 <./figures/cumulative.step.ps>
File: ./figures/cumulative.gaussian.ps Graphic file (type eps)

<./figures/cumulative.gaussian.ps> [13]
Overfull \hbox (10.39963pt too wide) in paragraph at lines 987--987
[][]\OT1/cmtt/m/n/10.95 > inf1 = rinfec(npoints=100, alpha=0.1, beta=0.6, gamma
=0.5, maxrad=c(0.075,0.5),[] 
 []


Overfull \hbox (16.14832pt too wide) in paragraph at lines 1006--1006
[][]  \OT1/cmtt/m/n/10.95 s.region=northcumbria, t.region=c(1,2000), s.distr="p
oisson", t.distr="uniform",[] 
 []

[14] [15] [16] [17] [18] (doc.aux) )
(\end occurred inside a group at level 1)

### simple group (level 1) entered at line 142 ({)
### bottom level 
Here is how much of TeX's memory you used:
 1734 strings out of 95338
 20138 string characters out of 1184090
 72659 words of memory out of 1500000
 4899 multiletter control sequences out of 110000
 12597 words of font info for 47 fonts, out of 1200000 for 2000
 14 hyphenation exceptions out of 8191
 27i,12n,43p,309b,299s stack positions out of 5000i,500n,10000p,200000b,5000s

Output written on doc.dvi (18 pages, 74200 bytes).
